# JRE version: Java(TM) SE Runtime Environment (21.0.1+12) (build 21.0.1+12-LTS-29)
# Java VM: Java HotSpot(TM) 64-Bit Server VM (21.0.1+12-LTS-29, mixed mode, emulated-client, sharing, tiered, compressed oops, compressed class ptrs, g1 gc, windows-amd64)
GC Precious Log:
 CardTable entry size: 512
 Card Set container configuration: InlinePtr #cards 5 size 8 Array Of Cards #cards 12 size 40 Howl #buckets 4 coarsen threshold 1843 Howl Bitmap #cards 512 size 80 coarsen threshold 460 Card regions per heap region 1 cards per card region 2048
 CPUs: 4 total, 4 available
 Memory: 8076M
 Large Page Support: Disabled
 NUMA Support: Disabled
 Compressed Oops: Enabled (32-bit)
 Heap Region Size: 1M
 Heap Min Capacity: 8M
 Heap Initial Capacity: 128M
 Heap Max Capacity: 1G
 Pre-touch: Disabled
 Parallel Workers: 4
 Concurrent Workers: 1
 Concurrent Refinement Workers: 4
 Periodic GC: Disabled
Heap:
 garbage-first heap   total 160768K, used 67598K [0x00000000c0000000, 0x0000000100000000)
  region size 1024K, 1 young (1024K), 0 survivors (0K)
 Metaspace       used 57570K, committed 58432K, reserved 1114112K
  class space    used 7301K, committed 7680K, reserved 1048576K
GC Heap History (20 events):
Event: 9597.768 GC heap after
{Heap after GC invocations=663 (full 567):
 garbage-first heap   total 160768K, used 67614K [0x00000000c0000000, 0x0000000100000000)
  region size 1024K, 0 young (0K), 0 survivors (0K)
 Metaspace       used 57588K, committed 58432K, reserved 1114112K
  class space    used 7306K, committed 7680K, reserved 1048576K
}
Event: 9607.946 GC heap before
{Heap before GC invocations=663 (full 567):
 garbage-first heap   total 160768K, used 67614K [0x00000000c0000000, 0x0000000100000000)
  region size 1024K, 1 young (1024K), 0 survivors (0K)
 Metaspace       used 57588K, committed 58432K, reserved 1114112K
  class space    used 7306K, committed 7680K, reserved 1048576K
}
Event: 9607.999 GC heap after
{Heap after GC invocations=664 (full 568):
 garbage-first heap   total 160768K, used 67613K [0x00000000c0000000, 0x0000000100000000)
  region size 1024K, 0 young (0K), 0 survivors (0K)
 Metaspace       used 57588K, committed 58432K, reserved 1114112K
  class space    used 7306K, committed 7680K, reserved 1048576K
}
Event: 9618.155 GC heap before
{Heap before GC invocations=664 (full 568):
 garbage-first heap   total 160768K, used 67613K [0x00000000c0000000, 0x0000000100000000)
  region size 1024K, 1 young (1024K), 0 survivors (0K)
 Metaspace       used 57588K, committed 58432K, reserved 1114112K
  class space    used 7306K, committed 7680K, reserved 1048576K
}
Event: 9618.202 GC heap after
{Heap after GC invocations=665 (full 569):
 garbage-first heap   total 160768K, used 67613K [0x00000000c0000000, 0x0000000100000000)
  region size 1024K, 0 young (0K), 0 survivors (0K)
 Metaspace       used 57588K, committed 58432K, reserved 1114112K
  class space    used 7306K, committed 7680K, reserved 1048576K
}
Event: 9628.599 GC heap before
{Heap before GC invocations=665 (full 569):
 garbage-first heap   total 160768K, used 67613K [0x00000000c0000000, 0x0000000100000000)
  region size 1024K, 1 young (1024K), 0 survivors (0K)
 Metaspace       used 57588K, committed 58432K, reserved 1114112K
  class space    used 7306K, committed 7680K, reserved 1048576K
}
Event: 9628.653 GC heap after
{Heap after GC invocations=666 (full 570):
 garbage-first heap   total 160768K, used 67613K [0x00000000c0000000, 0x0000000100000000)
  region size 1024K, 0 young (0K), 0 survivors (0K)
 Metaspace       used 57588K, committed 58432K, reserved 1114112K
  class space    used 7306K, committed 7680K, reserved 1048576K
}
Event: 9639.025 GC heap before
{Heap before GC invocations=666 (full 570):
 garbage-first heap   total 160768K, used 67613K [0x00000000c0000000, 0x0000000100000000)
  region size 1024K, 1 young (1024K), 0 survivors (0K)
 Metaspace       used 57588K, committed 58432K, reserved 1114112K
  class space    used 7306K, committed 7680K, reserved 1048576K
}
Event: 9639.408 GC heap after
{Heap after GC invocations=667 (full 571):
 garbage-first heap   total 160768K, used 67598K [0x00000000c0000000, 0x0000000100000000)
  region size 1024K, 0 young (0K), 0 survivors (0K)
 Metaspace       used 57570K, committed 58432K, reserved 1114112K
  class space    used 7301K, committed 7680K, reserved 1048576K
}
Event: 9649.720 GC heap before
{Heap before GC invocations=667 (full 571):
 garbage-first heap   total 160768K, used 67598K [0x00000000c0000000, 0x0000000100000000)
  region size 1024K, 1 young (1024K), 0 survivors (0K)
 Metaspace       used 57570K, committed 58432K, reserved 1114112K
  class space    used 7301K, committed 7680K, reserved 1048576K
}
Event: 9649.772 GC heap after
{Heap after GC invocations=668 (full 572):
 garbage-first heap   total 160768K, used 67598K [0x00000000c0000000, 0x0000000100000000)
  region size 1024K, 0 young (0K), 0 survivors (0K)
 Metaspace       used 57570K, committed 58432K, reserved 1114112K
  class space    used 7301K, committed 7680K, reserved 1048576K
}
Event: 9660.029 GC heap before
{Heap before GC invocations=668 (full 572):
 garbage-first heap   total 160768K, used 67598K [0x00000000c0000000, 0x0000000100000000)
  region size 1024K, 1 young (1024K), 0 survivors (0K)
 Metaspace       used 57570K, committed 58432K, reserved 1114112K
  class space    used 7301K, committed 7680K, reserved 1048576K
}
Event: 9660.088 GC heap after
{Heap after GC invocations=669 (full 573):
 garbage-first heap   total 160768K, used 67598K [0x00000000c0000000, 0x0000000100000000)
  region size 1024K, 0 young (0K), 0 survivors (0K)
 Metaspace       used 57570K, committed 58432K, reserved 1114112K
  class space    used 7301K, committed 7680K, reserved 1048576K
}
Event: 9670.348 GC heap before
{Heap before GC invocations=669 (full 573):
 garbage-first heap   total 160768K, used 67598K [0x00000000c0000000, 0x0000000100000000)
  region size 1024K, 1 young (1024K), 0 survivors (0K)
 Metaspace       used 57570K, committed 58432K, reserved 1114112K
  class space    used 7301K, committed 7680K, reserved 1048576K
}
Event: 9670.404 GC heap after
{Heap after GC invocations=670 (full 574):
 garbage-first heap   total 160768K, used 67598K [0x00000000c0000000, 0x0000000100000000)
  region size 1024K, 0 young (0K), 0 survivors (0K)
 Metaspace       used 57570K, committed 58432K, reserved 1114112K
  class space    used 7301K, committed 7680K, reserved 1048576K
}
Event: 9680.992 GC heap before
{Heap before GC invocations=670 (full 574):
 garbage-first heap   total 160768K, used 67598K [0x00000000c0000000, 0x0000000100000000)
  region size 1024K, 1 young (1024K), 0 survivors (0K)
 Metaspace       used 57570K, committed 58432K, reserved 1114112K
  class space    used 7301K, committed 7680K, reserved 1048576K
}
Event: 9681.058 GC heap after
{Heap after GC invocations=671 (full 575):
 garbage-first heap   total 160768K, used 67598K [0x00000000c0000000, 0x0000000100000000)
  region size 1024K, 0 young (0K), 0 survivors (0K)
 Metaspace       used 57570K, committed 58432K, reserved 1114112K
  class space    used 7301K, committed 7680K, reserved 1048576K
}
Event: 9691.383 GC heap before
{Heap before GC invocations=671 (full 575):
 garbage-first heap   total 160768K, used 67598K [0x00000000c0000000, 0x0000000100000000)
  region size 1024K, 1 young (1024K), 0 survivors (0K)
 Metaspace       used 57570K, committed 58432K, reserved 1114112K
  class space    used 7301K, committed 7680K, reserved 1048576K
}
Event: 9691.458 GC heap after
{Heap after GC invocations=672 (full 576):
 garbage-first heap   total 160768K, used 67598K [0x00000000c0000000, 0x0000000100000000)
  region size 1024K, 0 young (0K), 0 survivors (0K)
 Metaspace       used 57570K, committed 58432K, reserved 1114112K
  class space    used 7301K, committed 7680K, reserved 1048576K
}
Event: 9701.934 GC heap before
{Heap before GC invocations=672 (full 576):
 garbage-first heap   total 160768K, used 67598K [0x00000000c0000000, 0x0000000100000000)
  region size 1024K, 1 young (1024K), 0 survivors (0K)
 Metaspace       used 57570K, committed 58432K, reserved 1114112K
  class space    used 7301K, committed 7680K, reserved 1048576K
}

